[debug] > Exec(early(addDefaultCommands), None, None)
[debug] > Exec(addDefaultCommands, None, None)
[debug] > Exec(early(initialize), None, None)
[debug] > Exec(initialize, None, None)
[debug] > Exec(early(addPluginSbtFile="""C:\Users\ASUS\AppData\Local\Temp\idea.sbt"""), None, None)
[debug] > Exec(addPluginSbtFile="""C:\Users\ASUS\AppData\Local\Temp\idea.sbt""", None, None)
[debug] > Exec(boot, None, None)
[debug] > Exec(writeSbtVersion, None, None)
[debug] > Exec(reload, None, None)
[debug] > Exec(sbtStashOnFailure, None, None)
[debug] > Exec(onFailure loadFailed, None, None)
[debug] > Exec(loadp, None, None)
[info] welcome to sbt 1.9.9 (Oracle Corporation Java 1.8.0_401)
[debug] Load.defaultLoad until apply took 223.3934ms
[debug]           Load.loadUnit: plugins took 70.1911ms
[debug]           Load.loadUnit: defsScala took 0.3726ms
[debug] [Loading] Scanning directory C:\Users\ASUS\IdeaProjects\finalprojectv2-agneslee40\project
[debug]             Load.loadUnit: mkEval took 7.4123ms
[debug] [Loading] Found non-root projects 
[debug] [Loading] Done in C:\Users\ASUS\IdeaProjects\finalprojectv2-agneslee40\project, returning: ()
[debug] deducing auto plugins based on known facts Set(Atom(sbt.plugins.CorePlugin)) and clauses Clauses(Clause(Atom(sbt.plugins.JvmPlugin),Set(Atom(sbt.plugins.IvyPlugin)))
[debug] Clause(Atom(sbt.ScriptedPlugin),Set(Atom(sbt.plugins.JvmPlugin)))
[debug] Clause(Atom(sbt.plugins.SbtPlugin),Set(Atom(sbt.ScriptedPlugin)))
[debug] Clause(Atom(sbt.plugins.SemanticdbPlugin),Set(Atom(sbt.plugins.JvmPlugin)))
[debug] Clause(Atom(sbt.plugins.JUnitXmlReportPlugin),Set(Atom(sbt.plugins.JvmPlugin)))
[debug] Clause(Atom(sbt.plugins.MiniDependencyTreePlugin),Set(Atom(sbt.plugins.JvmPlugin)))
[debug] Clause(Atom(sbt.plugins.CorePlugin),Set(Atom(sbt.plugins.IvyPlugin)))
[debug] Clause(Atom(sbt.plugins.IvyPlugin),Set(Atom(sbt.plugins.JvmPlugin)))
[debug] Clause(Atom(sbt.plugins.JvmPlugin),Set(Atom(sbt.plugins.SemanticdbPlugin)))
[debug] Clause(Atom(sbt.plugins.JvmPlugin),Set(Atom(sbt.plugins.JUnitXmlReportPlugin)))
[debug] Clause(Atom(sbt.plugins.CorePlugin),Set(Atom(sbt.plugins.Giter8TemplatePlugin)))
[debug] Clause(Atom(sbt.plugins.JvmPlugin),Set(Atom(sbt.plugins.MiniDependencyTreePlugin))))
[debug]   :: deduced result: Matched(sbt.plugins.CorePlugin,sbt.plugins.Giter8TemplatePlugin,sbt.plugins.IvyPlugin,sbt.plugins.JvmPlugin,sbt.plugins.MiniDependencyTreePlugin,sbt.plugins.JUnitXmlReportPlugin,sbt.plugins.SemanticdbPlugin)
[debug] Plugins.deducer#function took 15.5424 ms
[info] loading settings for project finalprojectv2-agneslee40-build from idea.sbt ...
[debug]               Load.resolveProject(finalprojectv2-agneslee40-build) took 51.0399ms
[debug]             Load.loadTransitive: finalizeProject(Project(id finalprojectv2-agneslee40-build, base: C:\Users\ASUS\IdeaProjects\finalprojectv2-agneslee40\project, plugins: List(<none>))) took 76.2654ms
[debug] [Loading] Done in C:\Users\ASUS\IdeaProjects\finalprojectv2-agneslee40\project, returning: (finalprojectv2-agneslee40-build)
[debug]           Load.loadUnit: loadedProjectsRaw took 2448.3407ms
[debug]           Load.loadUnit: cleanEvalClasses took 7.774ms
[debug]         Load.loadUnit(file:/C:/Users/ASUS/IdeaProjects/finalprojectv2-agneslee40/project/, ...) took 2531.3291ms
[debug]       Load.apply: load took 2646.2382ms
[debug]       Load.apply: resolveProjects took 4.997ms
[debug]       Load.apply: finalTransforms took 48.1132ms
[debug]       Load.apply: config.delegates took 5.9725ms
[debug]       Load.apply: Def.make(settings)... took 358.9489ms
[debug]       Load.apply: structureIndex took 77.3517ms
[debug]       Load.apply: mkStreams took 2.2428ms
[info] loading project definition from C:\Users\ASUS\IdeaProjects\finalprojectv2-agneslee40\project
[debug] Running task... Cancel: Signal, check cycles: false, forcegc: true
[debug]     Load.loadUnit: plugins took 5000.036ms
[debug]     Load.loadUnit: defsScala took 0.0019ms
[debug] [Loading] Scanning directory C:\Users\ASUS\IdeaProjects\finalprojectv2-agneslee40
[debug]       Load.loadUnit: mkEval took 0.3107ms
[debug] [Loading] Found root project root w/ remaining 
[debug] deducing auto plugins based on known facts Set(Atom(sbt.plugins.CorePlugin)) and clauses Clauses(Clause(Atom(sbt.plugins.JvmPlugin),Set(Atom(sbt.plugins.IvyPlugin)))
[debug] Clause(Atom(sbt.ScriptedPlugin),Set(Atom(sbt.plugins.JvmPlugin)))
[debug] Clause(Atom(sbt.plugins.SbtPlugin),Set(Atom(sbt.ScriptedPlugin)))
[debug] Clause(Atom(sbt.plugins.SemanticdbPlugin),Set(Atom(sbt.plugins.JvmPlugin)))
[debug] Clause(Atom(sbt.plugins.JUnitXmlReportPlugin),Set(Atom(sbt.plugins.JvmPlugin)))
[debug] Clause(Atom(sbt.plugins.MiniDependencyTreePlugin),Set(Atom(sbt.plugins.JvmPlugin)))
[debug] Clause(Atom(org.jetbrains.sbt.StructurePlugin),Set(Atom(sbt.plugins.JvmPlugin)))
[debug] Clause(Atom(org.jetbrains.sbt.IdeaShellPlugin),Set(Atom(sbt.plugins.JvmPlugin)))
[debug] Clause(Atom(org.jetbrains.sbt.indices.SbtIntellijIndicesPlugin),Set(Atom(sbt.plugins.JvmPlugin)))
[debug] Clause(Atom(sbt.plugins.CorePlugin),Set(Atom(sbt.plugins.IvyPlugin)))
[debug] Clause(Atom(sbt.plugins.IvyPlugin),Set(Atom(sbt.plugins.JvmPlugin)))
[debug] Clause(Atom(sbt.plugins.JvmPlugin),Set(Atom(sbt.plugins.SemanticdbPlugin)))
[debug] Clause(Atom(sbt.plugins.JvmPlugin),Set(Atom(sbt.plugins.JUnitXmlReportPlugin)))
[debug] Clause(Atom(sbt.plugins.CorePlugin),Set(Atom(sbt.plugins.Giter8TemplatePlugin)))
[debug] Clause(Atom(sbt.plugins.JvmPlugin),Set(Atom(sbt.plugins.MiniDependencyTreePlugin)))
[debug] Clause(Atom(sbt.plugins.JvmPlugin),Set(Atom(org.jetbrains.sbt.StructurePlugin)))
[debug] Clause(Atom(sbt.plugins.JvmPlugin),Set(Atom(org.jetbrains.sbt.IdeaShellPlugin)))
[debug] Clause(And(Set(Atom(sbt.plugins.CorePlugin), Atom(sbt.plugins.JvmPlugin))),Set(Atom(org.jetbrains.sbt.indices.SbtIntellijIndicesPlugin))))
[debug]   :: deduced result: Matched(sbt.plugins.CorePlugin,sbt.plugins.Giter8TemplatePlugin,sbt.plugins.IvyPlugin,sbt.plugins.JvmPlugin,sbt.plugins.SemanticdbPlugin,org.jetbrains.sbt.indices.SbtIntellijIndicesPlugin,sbt.plugins.JUnitXmlReportPlugin,org.jetbrains.sbt.IdeaShellPlugin,org.jetbrains.sbt.StructurePlugin,sbt.plugins.MiniDependencyTreePlugin)
[debug] Plugins.deducer#function took 2.2657 ms
[info] loading settings for project root from build.sbt ...
[debug]         Load.resolveProject(root) took 22.5301ms
[debug]       Load.loadTransitive: finalizeProject(Project(id root, base: C:\Users\ASUS\IdeaProjects\finalprojectv2-agneslee40, plugins: List(<none>))) took 26.2694ms
[debug] [Loading] Done in C:\Users\ASUS\IdeaProjects\finalprojectv2-agneslee40, returning: (root)
[debug]     Load.loadUnit: loadedProjectsRaw took 1354.9626ms
[debug]     Load.loadUnit: cleanEvalClasses took 7.6659ms
[debug]   Load.loadUnit(file:/C:/Users/ASUS/IdeaProjects/finalprojectv2-agneslee40/, ...) took 6363.914ms
[debug] Load.apply: load took 6382.816ms
[debug] Load.apply: resolveProjects took 0.1653ms
[debug] Load.apply: finalTransforms took 31.6796ms
[debug] Load.apply: config.delegates took 0.4158ms
[debug] Load.apply: Def.make(settings)... took 98.314ms
[debug] Load.apply: structureIndex took 39.5344ms
[debug] Load.apply: mkStreams took 0.0035ms
[info] set current project to pacman (in build file:/C:/Users/ASUS/IdeaProjects/finalprojectv2-agneslee40/)
[debug] > Exec(sbtPopOnFailure, None, None)
[debug] > Exec(resumeFromFailure, None, None)
[debug] > Exec(notifyUsersAboutShell, None, None)
[debug] > Exec(iflast shell, None, None)
[debug] > Exec(; set ideaPort in Global := 57512 ; idea-shell, None, None)
[debug] > Exec(set ideaPort in Global := 57512, None, None)
[info] Defining Global / ideaPort
[info] The new value will be used by Compile / compile, Test / compile
[debug] Defining 
[debug] 	Global / ideaPort
[debug] 
[debug] The new value will be used by 
[debug] 	Compile / compile
[debug] 	Test / compile
[info] Reapplying settings...
[info] set current project to pacman (in build file:/C:/Users/ASUS/IdeaProjects/finalprojectv2-agneslee40/)
[debug] > Exec(idea-shell, None, None)
